build/outputs/logs/manifest-merger-debug-report.txt
-- Merging decision tree log ---
manifest
ADDED from chromecast/CastHelloText-android/AndroidManifest.xml:17:1-47:12
	package
		ADDED from chromecast/CastHelloText-android/AndroidManifest.xml:17:11-47
	xmlns:android
		ADDED from chromecast/CastHelloText-android/AndroidManifest.xml:18:5-63
uses-permission#android.permission.INTERNET
ADDED from chromecast/CastHelloText-android/AndroidManifest.xml:20:5-67
	android:name
		ADDED from chromecast/CastHelloText-android/AndroidManifest.xml:20:22-64
uses-permission#android.permission.ACCESS_NETWORK_STATE
ADDED from chromecast/CastHelloText-android/AndroidManifest.xml:21:5-79
	android:name
		ADDED from chromecast/CastHelloText-android/AndroidManifest.xml:21:22-76
uses-permission#android.permission.ACCESS_WIFI_STATE
ADDED from chromecast/CastHelloText-android/AndroidManifest.xml:22:5-76
	android:name
		ADDED from chromecast/CastHelloText-android/AndroidManifest.xml:22:22-73
application
ADDED from chromecast/CastHelloText-android/AndroidManifest.xml:24:5-45:19
MERGED from [com.google.android.gms:play-services-cast-framework:9.4.0] AndroidManifest.xml:5:5-9:19
MERGED from [com.google.android.gms:play-services-cast:9.4.0] AndroidManifest.xml:19:5-20
MERGED from [com.google.android.gms:play-services-base:9.4.0] AndroidManifest.xml:19:5-23:19
MERGED from [com.google.android.gms:play-services-tasks:9.4.0] AndroidManifest.xml:5:5-20
MERGED from [com.android.support:mediarouter-v7:24.2.1] AndroidManifest.xml:22:5-20
MERGED from [com.android.support:appcompat-v7:24.2.1] AndroidManifest.xml:25:5-20
MERGED from [com.android.support:animated-vector-drawable:24.2.1] AndroidManifest.xml:22:5-20
MERGED from [com.android.support:support-vector-drawable:24.2.1] AndroidManifest.xml:23:5-20
MERGED from [com.android.support:palette-v7:24.2.1] AndroidManifest.xml:22:5-23:19
MERGED from [com.google.android.gms:play-services-basement:9.4.0] AndroidManifest.xml:20:5-24:19
MERGED from [com.android.support:support-v4:24.2.1] AndroidManifest.xml:25:5-20
MERGED from [com.android.support:support-fragment:24.2.1] AndroidManifest.xml:25:5-20
MERGED from [com.android.support:support-media-compat:24.2.1] AndroidManifest.xml:25:5-20
MERGED from [com.android.support:support-core-ui:24.2.1] AndroidManifest.xml:25:5-20
MERGED from [com.android.support:support-core-utils:24.2.1] AndroidManifest.xml:25:5-20
MERGED from [com.android.support:support-compat:24.2.1] AndroidManifest.xml:25:5-20
	android:label
		ADDED from chromecast/CastHelloText-android/AndroidManifest.xml:27:9-41
	android:allowBackup
		ADDED from chromecast/CastHelloText-android/AndroidManifest.xml:25:9-35
	android:icon
		ADDED from chromecast/CastHelloText-android/AndroidManifest.xml:26:9-45
	android:theme
		ADDED from chromecast/CastHelloText-android/AndroidManifest.xml:28:9-40
meta-data#com.google.android.gms.cast.framework.OPTIONS_PROVIDER_CLASS_NAME
ADDED from chromecast/CastHelloText-android/AndroidManifest.xml:31:9-33:78
	android:value
		ADDED from chromecast/CastHelloText-android/AndroidManifest.xml:33:13-75
	android:name
		ADDED from chromecast/CastHelloText-android/AndroidManifest.xml:32:13-93
activity#com.example.casthelloworld.MainActivity
ADDED from chromecast/CastHelloText-android/AndroidManifest.xml:35:9-44:20
	android:screenOrientation
		ADDED from chromecast/CastHelloText-android/AndroidManifest.xml:38:13-49
	android:label
		ADDED from chromecast/CastHelloText-android/AndroidManifest.xml:37:13-45
	android:name
		ADDED from chromecast/CastHelloText-android/AndroidManifest.xml:36:13-67
intent-filter#android.intent.action.MAIN+android.intent.category.LAUNCHER
ADDED from chromecast/CastHelloText-android/AndroidManifest.xml:39:13-43:29
action#android.intent.action.MAIN
ADDED from chromecast/CastHelloText-android/AndroidManifest.xml:40:17-69
	android:name
		ADDED from chromecast/CastHelloText-android/AndroidManifest.xml:40:25-66
category#android.intent.category.LAUNCHER
ADDED from chromecast/CastHelloText-android/AndroidManifest.xml:42:17-77
	android:name
		ADDED from chromecast/CastHelloText-android/AndroidManifest.xml:42:27-74
uses-sdk
INJECTED from chromecast/CastHelloText-android/AndroidManifest.xml reason: use-sdk injection requested
MERGED from [com.google.android.gms:play-services-cast-framework:9.4.0] AndroidManifest.xml:4:5-42
MERGED from [com.google.android.gms:play-services-cast:9.4.0] AndroidManifest.xml:18:5-42
MERGED from [com.google.android.gms:play-services-base:9.4.0] AndroidManifest.xml:18:5-42
MERGED from [com.google.android.gms:play-services-tasks:9.4.0] AndroidManifest.xml:4:5-43
MERGED from [com.android.support:mediarouter-v7:24.2.1] AndroidManifest.xml:20:5-43
MERGED from [com.android.support:appcompat-v7:24.2.1] AndroidManifest.xml:21:5-23:78
MERGED from [com.android.support:animated-vector-drawable:24.2.1] AndroidManifest.xml:20:5-44
MERGED from [com.android.support:support-vector-drawable:24.2.1] AndroidManifest.xml:21:5-43
MERGED from [com.android.support:palette-v7:24.2.1] AndroidManifest.xml:20:5-43
MERGED from [com.google.android.gms:play-services-basement:9.4.0] AndroidManifest.xml:18:5-42
MERGED from [com.android.support:support-v4:24.2.1] AndroidManifest.xml:21:5-23:54
MERGED from [com.android.support:support-fragment:24.2.1] AndroidManifest.xml:21:5-23:60
MERGED from [com.android.support:support-media-compat:24.2.1] AndroidManifest.xml:21:5-23:63
MERGED from [com.android.support:support-core-ui:24.2.1] AndroidManifest.xml:21:5-23:58
MERGED from [com.android.support:support-core-utils:24.2.1] AndroidManifest.xml:21:5-23:61
MERGED from [com.android.support:support-compat:24.2.1] AndroidManifest.xml:21:5-23:58
	tools:overrideLibrary
		ADDED from [com.android.support:appcompat-v7:24.2.1] AndroidManifest.xml:23:9-75
	android:targetSdkVersion
		INJECTED from chromecast/CastHelloText-android/AndroidManifest.xml
		INJECTED from chromecast/CastHelloText-android/AndroidManifest.xml
	android:minSdkVersion
		INJECTED from chromecast/CastHelloText-android/AndroidManifest.xml
		INJECTED from chromecast/CastHelloText-android/AndroidManifest.xml
receiver#com.google.android.gms.cast.framework.media.MediaIntentReceiver
ADDED from [com.google.android.gms:play-services-cast-framework:9.4.0] AndroidManifest.xml:6:9-100
	android:name
		ADDED from [com.google.android.gms:play-services-cast-framework:9.4.0] AndroidManifest.xml:6:19-97
service#com.google.android.gms.cast.framework.media.MediaNotificationService
ADDED from [com.google.android.gms:play-services-cast-framework:9.4.0] AndroidManifest.xml:7:9-104
	android:name
		ADDED from [com.google.android.gms:play-services-cast-framework:9.4.0] AndroidManifest.xml:7:18-101
service#com.google.android.gms.cast.framework.ReconnectionService
ADDED from [com.google.android.gms:play-services-cast-framework:9.4.0] AndroidManifest.xml:8:9-92
	android:name
		ADDED from [com.google.android.gms:play-services-cast-framework:9.4.0] AndroidManifest.xml:8:18-90
activity#com.google.android.gms.common.api.GoogleApiActivity
ADDED from [com.google.android.gms:play-services-base:9.4.0] AndroidManifest.xml:20:9-22:45
	android:exported
		ADDED from [com.google.android.gms:play-services-base:9.4.0] AndroidManifest.xml:22:19-43
	android:theme
		ADDED from [com.google.android.gms:play-services-base:9.4.0] AndroidManifest.xml:21:19-78
	android:name
		ADDED from [com.google.android.gms:play-services-base:9.4.0] AndroidManifest.xml:20:19-85
meta-data#com.google.android.gms.version
ADDED from [com.google.android.gms:play-services-basement:9.4.0] AndroidManifest.xml:21:9-23:69
	android:value
		ADDED from [com.google.android.gms:play-services-basement:9.4.0] AndroidManifest.xml:23:13-66
	android:name
		ADDED from [com.google.android.gms:play-services-basement:9.4.0] AndroidManifest.xml:22:13-58